<?xml version="1.0" encoding="UTF-8"?>
<!-- Generated by org.testng.reporters.JUnitXMLReporter -->
<testsuite ignored="0" hostname="DESKTOP-9BEH15F" failures="0" tests="4" name="Default test" time="10.771" errors="0" timestamp="2024-01-17T12:55:39 IST">
  <testcase classname="api.test.UserTests2" name="testPostUser" time="2.746"/>
  <testcase classname="api.test.UserTests2" name="testGetUserByName" time="1.891"/>
  <testcase classname="api.test.UserTests2" name="testUpdateUserByName" time="3.681"/>
  <testcase classname="api.test.UserTests2" name="testDeleteUserByName" time="1.838"/>
</testsuite> <!-- Default test -->
