<?xml version="1.0" encoding="UTF-8"?>
<testng-results ignored="0" total="4" passed="4" failed="0" skipped="0">
  <reporter-output>
  </reporter-output>
  <suite started-at="2024-01-17T13:00:00 IST" name="PetSuite" finished-at="2024-01-17T13:00:12 IST" duration-ms="11592">
    <groups>
    </groups>
    <test started-at="2024-01-17T13:00:00 IST" name="PetTests" finished-at="2024-01-17T13:00:12 IST" duration-ms="11592">
      <class name="api.test.UserTests2">
        <test-method is-config="true" signature="setUser()[pri:0, instance:api.test.UserTests2@65c7a252]" started-at="2024-01-17T13:00:00 IST" name="setUser" finished-at="2024-01-17T13:00:01 IST" duration-ms="497" status="PASS">
          <reporter-output>
          </reporter-output>
        </test-method> <!-- setUser -->
        <test-method signature="testPostUser()[pri:1, instance:api.test.UserTests2@65c7a252]" started-at="2024-01-17T13:00:01 IST" name="testPostUser" finished-at="2024-01-17T13:00:04 IST" duration-ms="2966" status="PASS">
          <reporter-output>
          </reporter-output>
        </test-method> <!-- testPostUser -->
        <test-method signature="testGetUserByName()[pri:2, instance:api.test.UserTests2@65c7a252]" started-at="2024-01-17T13:00:04 IST" name="testGetUserByName" finished-at="2024-01-17T13:00:06 IST" duration-ms="1874" status="PASS">
          <reporter-output>
          </reporter-output>
        </test-method> <!-- testGetUserByName -->
        <test-method signature="testUpdateUserByName()[pri:3, instance:api.test.UserTests2@65c7a252]" started-at="2024-01-17T13:00:06 IST" name="testUpdateUserByName" finished-at="2024-01-17T13:00:10 IST" duration-ms="3990" status="PASS">
          <reporter-output>
          </reporter-output>
        </test-method> <!-- testUpdateUserByName -->
        <test-method signature="testDeleteUserByName()[pri:4, instance:api.test.UserTests2@65c7a252]" started-at="2024-01-17T13:00:10 IST" name="testDeleteUserByName" finished-at="2024-01-17T13:00:12 IST" duration-ms="2042" status="PASS">
          <reporter-output>
          </reporter-output>
        </test-method> <!-- testDeleteUserByName -->
      </class> <!-- api.test.UserTests2 -->
    </test> <!-- PetTests -->
  </suite> <!-- PetSuite -->
</testng-results>
