<?xml version="1.0" encoding="UTF-8"?>
<!-- Generated by org.testng.reporters.JUnitXMLReporter -->
<testsuite ignored="0" hostname="DESKTOP-9BEH15F" failures="0" tests="4" name="PetTests" time="11.592" errors="0" timestamp="2024-01-17T13:00:12 IST">
  <testcase classname="api.test.UserTests2" name="testPostUser" time="2.966"/>
  <testcase classname="api.test.UserTests2" name="testGetUserByName" time="1.874"/>
  <testcase classname="api.test.UserTests2" name="testUpdateUserByName" time="3.99"/>
  <testcase classname="api.test.UserTests2" name="testDeleteUserByName" time="2.042"/>
</testsuite> <!-- PetTests -->
